#
# A fatal error has been detected by the Java Runtime Environment:
#
#  EXCEPTION_ACCESS_VIOLATION (0xc0000005) at pc=0x00007ffb5c1f5b6b, pid=6112, tid=4836
#
# JRE version: OpenJDK Runtime Environment (18.0.2.1+1) (build 18.0.2.1+1-1)
# Java VM: OpenJDK 64-Bit Server VM (18.0.2.1+1-1, mixed mode, sharing, tiered, compressed oops, compressed class ptrs, g1 gc, windows-amd64)
# Problematic frame:
# C  [ntdll.dll+0x35b6b]
#
# No core dump will be written. Minidumps are not enabled by default on client versions of Windows
#
# If you would like to submit a bug report, please visit:
#   https://bugreport.java.com/bugreport/crash.jsp
# The crash happened outside the Java Virtual Machine in native code.
# See problematic frame for where to report the bug.
#

---------------  S U M M A R Y ------------

Command Line: -Dfile.encoding=UTF-8 -XX:+ShowCodeDetailsInExceptionMessages PASSWOR_GENERATOR.PASSWOR_GENERATOR

Host: AMD E2-1800 APU with Radeon(tm) HD Graphics, 2 cores, 7G,  Windows 10 , 64 bit Build 10240 (10.0.10240.17113)
Time: Tue Feb 14 07:44:24 2023 W. Central Africa Standard Time elapsed time: 3.075628 seconds (0d 0h 0m 3s)

---------------  T H R E A D  ---------------

Current thread (0x00000008bdd66bd0):  JavaThread "AWT-Windows" daemon [_thread_in_native, id=4836, stack(0x00000008be6c0000,0x00000008be7c0000)]

Stack: [0x00000008be6c0000,0x00000008be7c0000],  sp=0x00000008be7bf0d0,  free space=1020k
Native frames: (J=compiled Java code, j=interpreted, Vv=VM code, C=native code)
C  [ntdll.dll+0x35b6b]
C  [ntdll.dll+0x35069]
C  [ntdll.dll+0x34f80]
C  [atiumd64.dll+0x59c30]

Java frames: (J=compiled Java code, j=interpreted, Vv=VM code)
j  sun.awt.windows.WToolkit.eventLoop()V+0 java.desktop@18.0.2.1
j  sun.awt.windows.WToolkit.run()V+50 java.desktop@18.0.2.1
j  java.lang.Thread.run()V+11 java.base@18.0.2.1
v  ~StubRoutines::call_stub

siginfo: EXCEPTION_ACCESS_VIOLATION (0xc0000005), writing address 0x0000000000000024


Register to memory mapping:

RIP=0x00007ffb5c1f5b6b ntdll.dll
RAX=0x0 is NULL
RBX=0x00000008beea8780 points into unknown readable memory: 0x0000000000000000 | 00 00 00 00 00 00 00 00
RCX=0x00000008beea8780 points into unknown readable memory: 0x0000000000000000 | 00 00 00 00 00 00 00 00
RDX=0xffffffffffffffff is an unknown value
RSP=0x00000008be7bf0d0 is pointing into the stack for thread: 0x00000008bdd66bd0
RBP=0x00007ff7e2748000 points into unknown readable memory: 0x0000000000000000 | 00 00 00 00 00 00 00 00
RSI=0x0 is NULL
RDI=0x0 is NULL
R8 =0x0 is NULL
R9 =0x00000000000d4e80 is an unknown value
R10=0x0 is NULL
R11=0x00000008be7bf000 is pointing into the stack for thread: 0x00000008bdd66bd0
R12=0x0 is NULL
R13={method} {0x00000008b94d8fb0} 'eventLoop' '()V' in 'sun/awt/windows/WToolkit'
R14=0x0000000000000001 is an unknown value
R15=0x0 is NULL


Registers:
RAX=0x0000000000000000, RBX=0x00000008beea8780, RCX=0x00000008beea8780, RDX=0xffffffffffffffff
RSP=0x00000008be7bf0d0, RBP=0x00007ff7e2748000, RSI=0x0000000000000000, RDI=0x0000000000000000
R8 =0x0000000000000000, R9 =0x00000000000d4e80, R10=0x0000000000000000, R11=0x00000008be7bf000
R12=0x0000000000000000, R13=0x00000008b94d8fa8, R14=0x0000000000000001, R15=0x0000000000000000
RIP=0x00007ffb5c1f5b6b, EFLAGS=0x0000000000010213

Top of Stack: (sp=0x00000008be7bf0d0)
0x00000008be7bf0d0:   ffffffffffffffff 00000008beea8780
0x00000008be7bf0e0:   00000008be7bf1b8 0000000000000000
0x00000008be7bf0f0:   00000008bef791f0 00007ffb33672bbe
0x00000008be7bf100:   00000008be7bf100 00000000fffffffa
0x00000008be7bf110:   00007ff7e2748000 00007ffb3941a8ad
0x00000008be7bf120:   0000000899670000 00000008bdddbac0
0x00000008be7bf130:   0000000000000000 00007ffb5c1ea9b9
0x00000008be7bf140:   00000001400000c0 00000008be7bf1f8
0x00000008be7bf150:   0000efc5555fda9b 00000000000003ff
0x00000008be7bf160:   0000000000000003 0000000000000001
0x00000008be7bf170:   00000008b94d8fa8 0000000000000000
0x00000008be7bf180:   0000000000000000 0000000000000000
0x00000008be7bf190:   0000000000000001 00007ffb5c1f5069
0x00000008be7bf1a0:   0000000000000000 00007ffb33672e31
0x00000008be7bf1b0:   00000008beea8780 0000000840000200
0x00000008be7bf1c0:   0000000000000000 0000000000000000 

Instructions: (pc=0x00007ffb5c1f5b6b)
0x00007ffb5c1f5a6b:   ff 49 83 c2 02 49 2b ca 48 d1 f9 4d 85 ff 74 37
0x00007ffb5c1f5a7b:   48 8b 44 24 70 48 3b c8 73 27 48 8b 44 24 78 48
0x00007ffb5c1f5a8b:   8d 1c 09 4c 8b c3 49 8b d2 48 89 08 49 8b cf e8
0x00007ffb5c1f5a9b:   a1 26 06 00 66 46 89 34 3b 41 8b c6 e9 02 ff ff
0x00007ffb5c1f5aab:   ff 48 83 f8 01 73 13 48 8b 44 24 78 48 ff c1 41
0x00007ffb5c1f5abb:   be 23 00 00 c0 48 89 08 eb df 66 45 89 37 eb e7
0x00007ffb5c1f5acb:   cc cc cc cc cc cc cc cc cc 48 89 5c 24 18 55 56
0x00007ffb5c1f5adb:   57 41 54 41 55 41 56 41 57 48 81 ec 90 00 00 00
0x00007ffb5c1f5aeb:   48 8b 05 16 49 12 00 48 33 c4 48 89 84 24 80 00
0x00007ffb5c1f5afb:   00 00 65 48 8b 2c 25 30 00 00 00 48 8d 05 a3 d5
0x00007ffb5c1f5b0b:   10 00 33 ff 89 54 24 38 40 88 7c 24 30 48 8b d9
0x00007ffb5c1f5b1b:   48 89 6c 24 40 44 8b ff 48 3b c8 0f 84 11 01 00
0x00007ffb5c1f5b2b:   00 e8 1f 03 00 00 84 c0 0f 85 5b 18 07 00 40 38
0x00007ffb5c1f5b3b:   3d 48 03 11 00 48 8d 35 29 03 11 00 48 0f 45 f7
0x00007ffb5c1f5b4b:   48 39 7b 18 0f 84 c0 00 00 00 48 83 3b ff 0f 84
0x00007ffb5c1f5b5b:   c3 00 00 00 48 8b 03 44 8b e7 48 83 f8 ff 74 03
0x00007ffb5c1f5b6b:   ff 40 24 4c 8b 6b 18 4c 8d 35 37 d5 10 00 33 ed
0x00007ffb5c1f5b7b:   b8 82 03 fe 7f 8a 08 84 c9 0f 85 1e 18 07 00 49
0x00007ffb5c1f5b8b:   83 fd ff 0f 85 73 18 07 00 4c 8b ce 89 6c 24 20
0x00007ffb5c1f5b9b:   41 b8 04 00 00 00 48 8d 54 24 38 48 8d 4b 08 e8
0x00007ffb5c1f5bab:   bd 00 00 00 3d 02 01 00 00 0f 84 60 18 07 00 8b
0x00007ffb5c1f5bbb:   4b 08 89 4c 24 38 f6 c1 02 75 ce 3d 02 01 00 00
0x00007ffb5c1f5bcb:   0f 84 49 18 07 00 48 8b 6c 24 40 44 8a 74 24 30
0x00007ffb5c1f5bdb:   85 c0 0f 88 cd 18 07 00 33 ff 45 84 f6 75 67 48
0x00007ffb5c1f5beb:   8b 8c 24 80 00 00 00 48 33 cc e8 b6 e3 04 00 48
0x00007ffb5c1f5bfb:   8b 9c 24 e0 00 00 00 48 81 c4 90 00 00 00 41 5f
0x00007ffb5c1f5c0b:   41 5e 41 5d 41 5c 5f 5e 5d c3 48 8b cb e8 c7 d5
0x00007ffb5c1f5c1b:   03 00 e9 33 ff ff ff 8b 43 20 48 0f ba e0 18 0f
0x00007ffb5c1f5c2b:   82 2f ff ff ff 48 8b cb e8 78 1b fd ff e9 22 ff
0x00007ffb5c1f5c3b:   ff ff c6 44 24 30 01 c7 85 60 17 00 00 01 00 00
0x00007ffb5c1f5c4b:   00 e9 db fe ff ff 89 bd 60 17 00 00 40 38 3c 25
0x00007ffb5c1f5c5b:   84 03 fe 7f 74 89 e9 07 18 07 00 cc cc cc cc cc 


Stack slot to memory mapping:
stack at sp + 0 slots: 0xffffffffffffffff is an unknown value
stack at sp + 1 slots: 0x00000008beea8780 points into unknown readable memory: 0x0000000000000000 | 00 00 00 00 00 00 00 00
stack at sp + 2 slots: 0x00000008be7bf1b8 is pointing into the stack for thread: 0x00000008bdd66bd0
stack at sp + 3 slots: 0x0 is NULL
stack at sp + 4 slots: 0x00000008bef791f0 points into unknown readable memory: 0x0000000000000000 | 00 00 00 00 00 00 00 00
stack at sp + 5 slots: 0x00007ffb33672bbe atiumd64.dll
stack at sp + 6 slots: 0x00000008be7bf100 is pointing into the stack for thread: 0x00000008bdd66bd0
stack at sp + 7 slots: 0x00000000fffffffa is an unallocated location in the heap


---------------  P R O C E S S  ---------------

Threads class SMR info:
_java_thread_list=0x00000008c07b9d00, length=18, elements={
0x00000008b910fe00, 0x00000008b9112660, 0x00000008b9135970, 0x00000008b9137650,
0x00000008b91386a0, 0x00000008b913d380, 0x00000008b91415a0, 0x00000008b9148810,
0x00000008b914e520, 0x00000008bdd683e0, 0x00000008bdd6a590, 0x00000008bdd69720,
0x00000008bdd6a0c0, 0x00000008bdd66bd0, 0x00000008bdd69bf0, 0x00000008bdd688b0,
0x00000008bdd670a0, 0x00000008bdd67570
}

Java Threads: ( => current thread )
  0x00000008b910fe00 JavaThread "Reference Handler" daemon [_thread_blocked, id=5928, stack(0x00000008b92f0000,0x00000008b93f0000)]
  0x00000008b9112660 JavaThread "Finalizer" daemon [_thread_blocked, id=9100, stack(0x00000008bd400000,0x00000008bd500000)]
  0x00000008b9135970 JavaThread "Signal Dispatcher" daemon [_thread_blocked, id=7464, stack(0x00000008bd5e0000,0x00000008bd6e0000)]
  0x00000008b9137650 JavaThread "Attach Listener" daemon [_thread_blocked, id=8140, stack(0x00000008bd6e0000,0x00000008bd7e0000)]
  0x00000008b91386a0 JavaThread "Service Thread" daemon [_thread_blocked, id=7556, stack(0x00000008bd7e0000,0x00000008bd8e0000)]
  0x00000008b913d380 JavaThread "Monitor Deflation Thread" daemon [_thread_blocked, id=8168, stack(0x00000008bd8e0000,0x00000008bd9e0000)]
  0x00000008b91415a0 JavaThread "C2 CompilerThread0" daemon [_thread_blocked, id=7924, stack(0x00000008bd9e0000,0x00000008bdae0000)]
  0x00000008b9148810 JavaThread "C1 CompilerThread0" daemon [_thread_blocked, id=2860, stack(0x00000008bdae0000,0x00000008bdbe0000)]
  0x00000008b914e520 JavaThread "Sweeper thread" daemon [_thread_blocked, id=3476, stack(0x00000008bdbe0000,0x00000008bdce0000)]
  0x00000008bdd683e0 JavaThread "Notification Thread" daemon [_thread_blocked, id=6244, stack(0x00000008be0e0000,0x00000008be1e0000)]
  0x00000008bdd6a590 JavaThread "Common-Cleaner" daemon [_thread_blocked, id=7852, stack(0x00000008be2e0000,0x00000008be3e0000)]
  0x00000008bdd69720 JavaThread "Java2D Disposer" daemon [_thread_blocked, id=3100, stack(0x00000008be4c0000,0x00000008be5c0000)]
  0x00000008bdd6a0c0 JavaThread "AWT-Shutdown" [_thread_blocked, id=7752, stack(0x00000008be5c0000,0x00000008be6c0000)]
=>0x00000008bdd66bd0 JavaThread "AWT-Windows" daemon [_thread_in_native, id=4836, stack(0x00000008be6c0000,0x00000008be7c0000)]
  0x00000008bdd69bf0 JavaThread "AWT-EventQueue-0" [_thread_blocked, id=2000, stack(0x00000008bea40000,0x00000008beb40000)]
  0x00000008bdd688b0 JavaThread "DestroyJavaVM" [_thread_blocked, id=8672, stack(0x000000089b1e0000,0x000000089b2e0000)]
  0x00000008bdd670a0 JavaThread "TimerQueue" daemon [_thread_blocked, id=4464, stack(0x00000008c1d30000,0x00000008c1e30000)]
  0x00000008bdd67570 JavaThread "ToolkitShutdown" daemon [_thread_in_native, id=6692, stack(0x00000008c0ee0000,0x00000008c0fe0000)]

Other Threads:
  0x000000089bbd6570 VMThread "VM Thread" [stack: 0x00000008b91f0000,0x00000008b92f0000] [id=5396]
  0x00000008bdd6ab90 WatcherThread "VM Periodic Task Thread" [stack: 0x00000008be1e0000,0x00000008be2e0000] [id=8604]
  0x000000089bb67550 WorkerThread "GC Thread#0" [stack: 0x00000008b68d0000,0x00000008b69d0000] [id=8376]
  0x000000089bb77710 ConcurrentGCThread "G1 Main Marker" [stack: 0x00000008b69d0000,0x00000008b6ad0000] [id=8800]
  0x000000089bb78bd0 WorkerThread "G1 Conc#0" [stack: 0x00000008b6ad0000,0x00000008b6bd0000] [id=8016]
  0x000000089bbad190 ConcurrentGCThread "G1 Refine#0" [stack: 0x00000008b8df0000,0x00000008b8ef0000] [id=2256]
  0x000000089bbaf580 ConcurrentGCThread "G1 Service" [stack: 0x00000008b8ef0000,0x00000008b8ff0000] [id=1160]

Threads with active compile tasks:

VM state: not at safepoint (normal execution)

VM Mutex/Monitor currently owned by a thread: None

Heap address: 0x0000000086400000, size: 1948 MB, Compressed Oops mode: 32-bit

CDS archive(s) mapped at: [0x0000000800000000-0x0000000800ba0000-0x0000000800ba0000), size 12189696, SharedBaseAddress: 0x0000000800000000, ArchiveRelocationMode: 0.
Compressed class space mapped at: 0x0000000800c00000-0x0000000840c00000, reserved size: 1073741824
Narrow klass base: 0x0000000800000000, Narrow klass shift: 0, Narrow klass range: 0x100000000

GC Precious Log:
 CardTable entry size: 512
 Card Set container configuration: InlinePtr #cards 5 size 8 Array Of Cards #cards 12 size 40 Howl #buckets 4 coarsen threshold 1843 Howl Bitmap #cards 512 size 80 coarsen threshold 460 Card regions per heap region 1 cards per card region 2048
 CPUs: 2 total, 2 available
 Memory: 7784M
 Large Page Support: Disabled
 NUMA Support: Disabled
 Compressed Oops: Enabled (32-bit)
 Heap Region Size: 1M
 Heap Min Capacity: 8M
 Heap Initial Capacity: 122M
 Heap Max Capacity: 1948M
 Pre-touch: Disabled
 Parallel Workers: 2
 Concurrent Workers: 1
 Concurrent Refinement Workers: 2
 Periodic GC: Disabled

Heap:
 garbage-first heap   total 124928K, used 4096K [0x0000000086400000, 0x0000000100000000)
  region size 1024K, 6 young (6144K), 0 survivors (0K)
 Metaspace       used 7462K, committed 7616K, reserved 1114112K
  class space    used 864K, committed 960K, reserved 1048576K

Heap Regions: E=young(eden), S=young(survivor), O=old, HS=humongous(starts), HC=humongous(continues), CS=collection set, F=free, OA=open archive, CA=closed archive, TAMS=top-at-mark-start (previous, next)
|   0|0x0000000086400000, 0x0000000086400000, 0x0000000086500000|  0%| F|  |TAMS 0x0000000086400000, 0x0000000086400000| Untracked 
|   1|0x0000000086500000, 0x0000000086500000, 0x0000000086600000|  0%| F|  |TAMS 0x0000000086500000, 0x0000000086500000| Untracked 
|   2|0x0000000086600000, 0x0000000086600000, 0x0000000086700000|  0%| F|  |TAMS 0x0000000086600000, 0x0000000086600000| Untracked 
|   3|0x0000000086700000, 0x0000000086700000, 0x0000000086800000|  0%| F|  |TAMS 0x0000000086700000, 0x0000000086700000| Untracked 
|   4|0x0000000086800000, 0x0000000086800000, 0x0000000086900000|  0%| F|  |TAMS 0x0000000086800000, 0x0000000086800000| Untracked 
|   5|0x0000000086900000, 0x0000000086900000, 0x0000000086a00000|  0%| F|  |TAMS 0x0000000086900000, 0x0000000086900000| Untracked 
|   6|0x0000000086a00000, 0x0000000086a00000, 0x0000000086b00000|  0%| F|  |TAMS 0x0000000086a00000, 0x0000000086a00000| Untracked 
|   7|0x0000000086b00000, 0x0000000086b00000, 0x0000000086c00000|  0%| F|  |TAMS 0x0000000086b00000, 0x0000000086b00000| Untracked 
|   8|0x0000000086c00000, 0x0000000086c00000, 0x0000000086d00000|  0%| F|  |TAMS 0x0000000086c00000, 0x0000000086c00000| Untracked 
|   9|0x0000000086d00000, 0x0000000086d00000, 0x0000000086e00000|  0%| F|  |TAMS 0x0000000086d00000, 0x0000000086d00000| Untracked 
|  10|0x0000000086e00000, 0x0000000086e00000, 0x0000000086f00000|  0%| F|  |TAMS 0x0000000086e00000, 0x0000000086e00000| Untracked 
|  11|0x0000000086f00000, 0x0000000086f00000, 0x0000000087000000|  0%| F|  |TAMS 0x0000000086f00000, 0x0000000086f00000| Untracked 
|  12|0x0000000087000000, 0x0000000087000000, 0x0000000087100000|  0%| F|  |TAMS 0x0000000087000000, 0x0000000087000000| Untracked 
|  13|0x0000000087100000, 0x0000000087100000, 0x0000000087200000|  0%| F|  |TAMS 0x0000000087100000, 0x0000000087100000| Untracked 
|  14|0x0000000087200000, 0x0000000087200000, 0x0000000087300000|  0%| F|  |TAMS 0x0000000087200000, 0x0000000087200000| Untracked 
|  15|0x0000000087300000, 0x0000000087300000, 0x0000000087400000|  0%| F|  |TAMS 0x0000000087300000, 0x0000000087300000| Untracked 
|  16|0x0000000087400000, 0x0000000087400000, 0x0000000087500000|  0%| F|  |TAMS 0x0000000087400000, 0x0000000087400000| Untracked 
|  17|0x0000000087500000, 0x0000000087500000, 0x0000000087600000|  0%| F|  |TAMS 0x0000000087500000, 0x0000000087500000| Untracked 
|  18|0x0000000087600000, 0x0000000087600000, 0x0000000087700000|  0%| F|  |TAMS 0x0000000087600000, 0x0000000087600000| Untracked 
|  19|0x0000000087700000, 0x0000000087700000, 0x0000000087800000|  0%| F|  |TAMS 0x0000000087700000, 0x0000000087700000| Untracked 
|  20|0x0000000087800000, 0x0000000087800000, 0x0000000087900000|  0%| F|  |TAMS 0x0000000087800000, 0x0000000087800000| Untracked 
|  21|0x0000000087900000, 0x0000000087900000, 0x0000000087a00000|  0%| F|  |TAMS 0x0000000087900000, 0x0000000087900000| Untracked 
|  22|0x0000000087a00000, 0x0000000087a00000, 0x0000000087b00000|  0%| F|  |TAMS 0x0000000087a00000, 0x0000000087a00000| Untracked 
|  23|0x0000000087b00000, 0x0000000087b00000, 0x0000000087c00000|  0%| F|  |TAMS 0x0000000087b00000, 0x0000000087b00000| Untracked 
|  24|0x0000000087c00000, 0x0000000087c00000, 0x0000000087d00000|  0%| F|  |TAMS 0x0000000087c00000, 0x0000000087c00000| Untracked 
|  25|0x0000000087d00000, 0x0000000087d00000, 0x0000000087e00000|  0%| F|  |TAMS 0x0000000087d00000, 0x0000000087d00000| Untracked 
|  26|0x0000000087e00000, 0x0000000087e00000, 0x0000000087f00000|  0%| F|  |TAMS 0x0000000087e00000, 0x0000000087e00000| Untracked 
|  27|0x0000000087f00000, 0x0000000087f00000, 0x0000000088000000|  0%| F|  |TAMS 0x0000000087f00000, 0x0000000087f00000| Untracked 
|  28|0x0000000088000000, 0x0000000088000000, 0x0000000088100000|  0%| F|  |TAMS 0x0000000088000000, 0x0000000088000000| Untracked 
|  29|0x0000000088100000, 0x0000000088100000, 0x0000000088200000|  0%| F|  |TAMS 0x0000000088100000, 0x0000000088100000| Untracked 
|  30|0x0000000088200000, 0x0000000088200000, 0x0000000088300000|  0%| F|  |TAMS 0x0000000088200000, 0x0000000088200000| Untracked 
|  31|0x0000000088300000, 0x0000000088300000, 0x0000000088400000|  0%| F|  |TAMS 0x0000000088300000, 0x0000000088300000| Untracked 
|  32|0x0000000088400000, 0x0000000088400000, 0x0000000088500000|  0%| F|  |TAMS 0x0000000088400000, 0x0000000088400000| Untracked 
|  33|0x0000000088500000, 0x0000000088500000, 0x0000000088600000|  0%| F|  |TAMS 0x0000000088500000, 0x0000000088500000| Untracked 
|  34|0x0000000088600000, 0x0000000088600000, 0x0000000088700000|  0%| F|  |TAMS 0x0000000088600000, 0x0000000088600000| Untracked 
|  35|0x0000000088700000, 0x0000000088700000, 0x0000000088800000|  0%| F|  |TAMS 0x0000000088700000, 0x0000000088700000| Untracked 
|  36|0x0000000088800000, 0x0000000088800000, 0x0000000088900000|  0%| F|  |TAMS 0x0000000088800000, 0x0000000088800000| Untracked 
|  37|0x0000000088900000, 0x0000000088900000, 0x0000000088a00000|  0%| F|  |TAMS 0x0000000088900000, 0x0000000088900000| Untracked 
|  38|0x0000000088a00000, 0x0000000088a00000, 0x0000000088b00000|  0%| F|  |TAMS 0x0000000088a00000, 0x0000000088a00000| Untracked 
|  39|0x0000000088b00000, 0x0000000088b00000, 0x0000000088c00000|  0%| F|  |TAMS 0x0000000088b00000, 0x0000000088b00000| Untracked 
|  40|0x0000000088c00000, 0x0000000088c00000, 0x0000000088d00000|  0%| F|  |TAMS 0x0000000088c00000, 0x0000000088c00000| Untracked 
|  41|0x0000000088d00000, 0x0000000088d00000, 0x0000000088e00000|  0%| F|  |TAMS 0x0000000088d00000, 0x0000000088d00000| Untracked 
|  42|0x0000000088e00000, 0x0000000088e00000, 0x0000000088f00000|  0%| F|  |TAMS 0x0000000088e00000, 0x0000000088e00000| Untracked 
|  43|0x0000000088f00000, 0x0000000088f00000, 0x0000000089000000|  0%| F|  |TAMS 0x0000000088f00000, 0x0000000088f00000| Untracked 
|  44|0x0000000089000000, 0x0000000089000000, 0x0000000089100000|  0%| F|  |TAMS 0x0000000089000000, 0x0000000089000000| Untracked 
|  45|0x0000000089100000, 0x0000000089100000, 0x0000000089200000|  0%| F|  |TAMS 0x0000000089100000, 0x0000000089100000| Untracked 
|  46|0x0000000089200000, 0x0000000089200000, 0x0000000089300000|  0%| F|  |TAMS 0x0000000089200000, 0x0000000089200000| Untracked 
|  47|0x0000000089300000, 0x0000000089300000, 0x0000000089400000|  0%| F|  |TAMS 0x0000000089300000, 0x0000000089300000| Untracked 
|  48|0x0000000089400000, 0x0000000089400000, 0x0000000089500000|  0%| F|  |TAMS 0x0000000089400000, 0x0000000089400000| Untracked 
|  49|0x0000000089500000, 0x0000000089500000, 0x0000000089600000|  0%| F|  |TAMS 0x0000000089500000, 0x0000000089500000| Untracked 
|  50|0x0000000089600000, 0x0000000089600000, 0x0000000089700000|  0%| F|  |TAMS 0x0000000089600000, 0x0000000089600000| Untracked 
|  51|0x0000000089700000, 0x0000000089700000, 0x0000000089800000|  0%| F|  |TAMS 0x0000000089700000, 0x0000000089700000| Untracked 
|  52|0x0000000089800000, 0x0000000089800000, 0x0000000089900000|  0%| F|  |TAMS 0x0000000089800000, 0x0000000089800000| Untracked 
|  53|0x0000000089900000, 0x0000000089900000, 0x0000000089a00000|  0%| F|  |TAMS 0x0000000089900000, 0x0000000089900000| Untracked 
|  54|0x0000000089a00000, 0x0000000089a00000, 0x0000000089b00000|  0%| F|  |TAMS 0x0000000089a00000, 0x0000000089a00000| Untracked 
|  55|0x0000000089b00000, 0x0000000089b00000, 0x0000000089c00000|  0%| F|  |TAMS 0x0000000089b00000, 0x0000000089b00000| Untracked 
|  56|0x0000000089c00000, 0x0000000089c00000, 0x0000000089d00000|  0%| F|  |TAMS 0x0000000089c00000, 0x0000000089c00000| Untracked 
|  57|0x0000000089d00000, 0x0000000089d00000, 0x0000000089e00000|  0%| F|  |TAMS 0x0000000089d00000, 0x0000000089d00000| Untracked 
|  58|0x0000000089e00000, 0x0000000089e00000, 0x0000000089f00000|  0%| F|  |TAMS 0x0000000089e00000, 0x0000000089e00000| Untracked 
|  59|0x0000000089f00000, 0x0000000089f00000, 0x000000008a000000|  0%| F|  |TAMS 0x0000000089f00000, 0x0000000089f00000| Untracked 
|  60|0x000000008a000000, 0x000000008a000000, 0x000000008a100000|  0%| F|  |TAMS 0x000000008a000000, 0x000000008a000000| Untracked 
|  61|0x000000008a100000, 0x000000008a100000, 0x000000008a200000|  0%| F|  |TAMS 0x000000008a100000, 0x000000008a100000| Untracked 
|  62|0x000000008a200000, 0x000000008a200000, 0x000000008a300000|  0%| F|  |TAMS 0x000000008a200000, 0x000000008a200000| Untracked 
|  63|0x000000008a300000, 0x000000008a300000, 0x000000008a400000|  0%| F|  |TAMS 0x000000008a300000, 0x000000008a300000| Untracked 
|  64|0x000000008a400000, 0x000000008a400000, 0x000000008a500000|  0%| F|  |TAMS 0x000000008a400000, 0x000000008a400000| Untracked 
|  65|0x000000008a500000, 0x000000008a500000, 0x000000008a600000|  0%| F|  |TAMS 0x000000008a500000, 0x000000008a500000| Untracked 
|  66|0x000000008a600000, 0x000000008a600000, 0x000000008a700000|  0%| F|  |TAMS 0x000000008a600000, 0x000000008a600000| Untracked 
|  67|0x000000008a700000, 0x000000008a700000, 0x000000008a800000|  0%| F|  |TAMS 0x000000008a700000, 0x000000008a700000| Untracked 
|  68|0x000000008a800000, 0x000000008a800000, 0x000000008a900000|  0%| F|  |TAMS 0x000000008a800000, 0x000000008a800000| Untracked 
|  69|0x000000008a900000, 0x000000008a900000, 0x000000008aa00000|  0%| F|  |TAMS 0x000000008a900000, 0x000000008a900000| Untracked 
|  70|0x000000008aa00000, 0x000000008aa00000, 0x000000008ab00000|  0%| F|  |TAMS 0x000000008aa00000, 0x000000008aa00000| Untracked 
|  71|0x000000008ab00000, 0x000000008ab00000, 0x000000008ac00000|  0%| F|  |TAMS 0x000000008ab00000, 0x000000008ab00000| Untracked 
|  72|0x000000008ac00000, 0x000000008ac00000, 0x000000008ad00000|  0%| F|  |TAMS 0x000000008ac00000, 0x000000008ac00000| Untracked 
|  73|0x000000008ad00000, 0x000000008ad00000, 0x000000008ae00000|  0%| F|  |TAMS 0x000000008ad00000, 0x000000008ad00000| Untracked 
|  74|0x000000008ae00000, 0x000000008ae00000, 0x000000008af00000|  0%| F|  |TAMS 0x000000008ae00000, 0x000000008ae00000| Untracked 
|  75|0x000000008af00000, 0x000000008af00000, 0x000000008b000000|  0%| F|  |TAMS 0x000000008af00000, 0x000000008af00000| Untracked 
|  76|0x000000008b000000, 0x000000008b000000, 0x000000008b100000|  0%| F|  |TAMS 0x000000008b000000, 0x000000008b000000| Untracked 
|  77|0x000000008b100000, 0x000000008b100000, 0x000000008b200000|  0%| F|  |TAMS 0x000000008b100000, 0x000000008b100000| Untracked 
|  78|0x000000008b200000, 0x000000008b200000, 0x000000008b300000|  0%| F|  |TAMS 0x000000008b200000, 0x000000008b200000| Untracked 
|  79|0x000000008b300000, 0x000000008b300000, 0x000000008b400000|  0%| F|  |TAMS 0x000000008b300000, 0x000000008b300000| Untracked 
|  80|0x000000008b400000, 0x000000008b400000, 0x000000008b500000|  0%| F|  |TAMS 0x000000008b400000, 0x000000008b400000| Untracked 
|  81|0x000000008b500000, 0x000000008b500000, 0x000000008b600000|  0%| F|  |TAMS 0x000000008b500000, 0x000000008b500000| Untracked 
|  82|0x000000008b600000, 0x000000008b600000, 0x000000008b700000|  0%| F|  |TAMS 0x000000008b600000, 0x000000008b600000| Untracked 
|  83|0x000000008b700000, 0x000000008b700000, 0x000000008b800000|  0%| F|  |TAMS 0x000000008b700000, 0x000000008b700000| Untracked 
|  84|0x000000008b800000, 0x000000008b800000, 0x000000008b900000|  0%| F|  |TAMS 0x000000008b800000, 0x000000008b800000| Untracked 
|  85|0x000000008b900000, 0x000000008b900000, 0x000000008ba00000|  0%| F|  |TAMS 0x000000008b900000, 0x000000008b900000| Untracked 
|  86|0x000000008ba00000, 0x000000008ba00000, 0x000000008bb00000|  0%| F|  |TAMS 0x000000008ba00000, 0x000000008ba00000| Untracked 
|  87|0x000000008bb00000, 0x000000008bb00000, 0x000000008bc00000|  0%| F|  |TAMS 0x000000008bb00000, 0x000000008bb00000| Untracked 
|  88|0x000000008bc00000, 0x000000008bc00000, 0x000000008bd00000|  0%| F|  |TAMS 0x000000008bc00000, 0x000000008bc00000| Untracked 
|  89|0x000000008bd00000, 0x000000008bd00000, 0x000000008be00000|  0%| F|  |TAMS 0x000000008bd00000, 0x000000008bd00000| Untracked 
|  90|0x000000008be00000, 0x000000008be00000, 0x000000008bf00000|  0%| F|  |TAMS 0x000000008be00000, 0x000000008be00000| Untracked 
|  91|0x000000008bf00000, 0x000000008bf00000, 0x000000008c000000|  0%| F|  |TAMS 0x000000008bf00000, 0x000000008bf00000| Untracked 
|  92|0x000000008c000000, 0x000000008c000000, 0x000000008c100000|  0%| F|  |TAMS 0x000000008c000000, 0x000000008c000000| Untracked 
|  93|0x000000008c100000, 0x000000008c100000, 0x000000008c200000|  0%| F|  |TAMS 0x000000008c100000, 0x000000008c100000| Untracked 
|  94|0x000000008c200000, 0x000000008c200000, 0x000000008c300000|  0%| F|  |TAMS 0x000000008c200000, 0x000000008c200000| Untracked 
|  95|0x000000008c300000, 0x000000008c300000, 0x000000008c400000|  0%| F|  |TAMS 0x000000008c300000, 0x000000008c300000| Untracked 
|  96|0x000000008c400000, 0x000000008c400000, 0x000000008c500000|  0%| F|  |TAMS 0x000000008c400000, 0x000000008c400000| Untracked 
|  97|0x000000008c500000, 0x000000008c500000, 0x000000008c600000|  0%| F|  |TAMS 0x000000008c500000, 0x000000008c500000| Untracked 
|  98|0x000000008c600000, 0x000000008c600000, 0x000000008c700000|  0%| F|  |TAMS 0x000000008c600000, 0x000000008c600000| Untracked 
|  99|0x000000008c700000, 0x000000008c700000, 0x000000008c800000|  0%| F|  |TAMS 0x000000008c700000, 0x000000008c700000| Untracked 
| 100|0x000000008c800000, 0x000000008c800000, 0x000000008c900000|  0%| F|  |TAMS 0x000000008c800000, 0x000000008c800000| Untracked 
| 101|0x000000008c900000, 0x000000008c900000, 0x000000008ca00000|  0%| F|  |TAMS 0x000000008c900000, 0x000000008c900000| Untracked 
| 102|0x000000008ca00000, 0x000000008ca00000, 0x000000008cb00000|  0%| F|  |TAMS 0x000000008ca00000, 0x000000008ca00000| Untracked 
| 103|0x000000008cb00000, 0x000000008cb00000, 0x000000008cc00000|  0%| F|  |TAMS 0x000000008cb00000, 0x000000008cb00000| Untracked 
| 104|0x000000008cc00000, 0x000000008cc00000, 0x000000008cd00000|  0%| F|  |TAMS 0x000000008cc00000, 0x000000008cc00000| Untracked 
| 105|0x000000008cd00000, 0x000000008cd00000, 0x000000008ce00000|  0%| F|  |TAMS 0x000000008cd00000, 0x000000008cd00000| Untracked 
| 106|0x000000008ce00000, 0x000000008ce00000, 0x000000008cf00000|  0%| F|  |TAMS 0x000000008ce00000, 0x000000008ce00000| Untracked 
| 107|0x000000008cf00000, 0x000000008cf00000, 0x000000008d000000|  0%| F|  |TAMS 0x000000008cf00000, 0x000000008cf00000| Untracked 
| 108|0x000000008d000000, 0x000000008d000000, 0x000000008d100000|  0%| F|  |TAMS 0x000000008d000000, 0x000000008d000000| Untracked 
| 109|0x000000008d100000, 0x000000008d100000, 0x000000008d200000|  0%| F|  |TAMS 0x000000008d100000, 0x000000008d100000| Untracked 
| 110|0x000000008d200000, 0x000000008d200000, 0x000000008d300000|  0%| F|  |TAMS 0x000000008d200000, 0x000000008d200000| Untracked 
| 111|0x000000008d300000, 0x000000008d300000, 0x000000008d400000|  0%| F|  |TAMS 0x000000008d300000, 0x000000008d300000| Untracked 
| 112|0x000000008d400000, 0x000000008d400000, 0x000000008d500000|  0%| F|  |TAMS 0x000000008d400000, 0x000000008d400000| Untracked 
| 113|0x000000008d500000, 0x000000008d500000, 0x000000008d600000|  0%| F|  |TAMS 0x000000008d500000, 0x000000008d500000| Untracked 
| 114|0x000000008d600000, 0x000000008d600000, 0x000000008d700000|  0%| F|  |TAMS 0x000000008d600000, 0x000000008d600000| Untracked 
| 115|0x000000008d700000, 0x000000008d700000, 0x000000008d800000|  0%| F|  |TAMS 0x000000008d700000, 0x000000008d700000| Untracked 
| 116|0x000000008d800000, 0x000000008d87b720, 0x000000008d900000| 48%| E|  |TAMS 0x000000008d800000, 0x000000008d800000| Complete 
| 117|0x000000008d900000, 0x000000008da00000, 0x000000008da00000|100%| E|CS|TAMS 0x000000008d900000, 0x000000008d900000| Complete 
| 118|0x000000008da00000, 0x000000008db00000, 0x000000008db00000|100%| E|CS|TAMS 0x000000008da00000, 0x000000008da00000| Complete 
| 119|0x000000008db00000, 0x000000008dc00000, 0x000000008dc00000|100%| E|CS|TAMS 0x000000008db00000, 0x000000008db00000| Complete 
| 120|0x000000008dc00000, 0x000000008dd00000, 0x000000008dd00000|100%| E|  |TAMS 0x000000008dc00000, 0x000000008dc00000| Complete 
| 121|0x000000008dd00000, 0x000000008de00000, 0x000000008de00000|100%| E|CS|TAMS 0x000000008dd00000, 0x000000008dd00000| Complete 

Card table byte_map: [0x00000008b2450000,0x00000008b2820000] _byte_map_base: 0x00000008b201e000

Marking Bits (Prev, Next): (CMBitMap*) 0x000000089bb67a60, (CMBitMap*) 0x000000089bb67aa0
 Prev Bits: [0x00000008b2bf0000, 0x00000008b4a60000)
 Next Bits: [0x00000008b4a60000, 0x00000008b68d0000)

Polling page: 0x0000000899660000

Metaspace:

Usage:
  Non-class:      6.44 MB used.
      Class:    864.53 KB used.
       Both:      7.29 MB used.

Virtual space:
  Non-class space:       64.00 MB reserved,       6.50 MB ( 10%) committed,  1 nodes.
      Class space:        1.00 GB reserved,     960.00 KB ( <1%) committed,  1 nodes.
             Both:        1.06 GB reserved,       7.44 MB ( <1%) committed. 

Chunk freelists:
   Non-Class:  1.00 MB
       Class:  3.12 MB
        Both:  4.12 MB

MaxMetaspaceSize: unlimited
CompressedClassSpaceSize: 1.00 GB
Initial GC threshold: 21.00 MB
Current GC threshold: 21.00 MB
CDS: on
MetaspaceReclaimPolicy: balanced
 - commit_granule_bytes: 65536.
 - commit_granule_words: 8192.
 - virtual_space_node_default_size: 8388608.
 - enlarge_chunks_in_place: 1.
 - new_chunks_are_fully_committed: 0.
 - uncommit_free_chunks: 1.
 - use_allocation_guard: 0.


Internal statistics:

num_allocs_failed_limit: 0.
num_arena_births: 114.
num_arena_deaths: 0.
num_vsnodes_births: 2.
num_vsnodes_deaths: 0.
num_space_committed: 119.
num_space_uncommitted: 0.
num_chunks_returned_to_freelist: 0.
num_chunks_taken_from_freelist: 167.
num_chunk_merges: 0.
num_chunk_splits: 88.
num_chunks_enlarged: 22.
num_inconsistent_stats: 0.

CodeHeap 'non-profiled nmethods': size=120064Kb used=184Kb max_used=184Kb free=119879Kb
 bounds [0x00000008aaf10000, 0x00000008ab180000, 0x00000008b2450000]
CodeHeap 'profiled nmethods': size=120000Kb used=985Kb max_used=985Kb free=119014Kb
 bounds [0x00000008a39e0000, 0x00000008a3c50000, 0x00000008aaf10000]
CodeHeap 'non-nmethods': size=5696Kb used=1274Kb max_used=1286Kb free=4421Kb
 bounds [0x00000008a3450000, 0x00000008a36c0000, 0x00000008a39e0000]
 total_blobs=1283 nmethods=692 adapters=505
 compilation: enabled
              stopped_count=0, restarted_count=0
 full_count=0

Compilation events (20 events):
Event: 1.994 Thread 0x00000008b9148810  682       3       java.awt.geom.Rectangle2D::<init> (5 bytes)
Event: 1.995 Thread 0x00000008b9148810 nmethod 682 0x00000008a3ad4b10 code [0x00000008a3ad4cc0, 0x00000008a3ad4e78]
Event: 1.995 Thread 0x00000008b9148810  683       3       java.awt.geom.RectangularShape::<init> (5 bytes)
Event: 1.995 Thread 0x00000008b9148810 nmethod 683 0x00000008a3ad4f90 code [0x00000008a3ad5120, 0x00000008a3ad5278]
Event: 1.995 Thread 0x00000008b9148810  684       3       java.awt.Rectangle::<init> (26 bytes)
Event: 1.996 Thread 0x00000008b9148810 nmethod 684 0x00000008a3ad5310 code [0x00000008a3ad54c0, 0x00000008a3ad56f8]
Event: 1.997 Thread 0x00000008b9148810  685       1       java.awt.AWTEvent::getID (5 bytes)
Event: 1.997 Thread 0x00000008b9148810 nmethod 685 0x00000008aaf3d310 code [0x00000008aaf3d4a0, 0x00000008aaf3d578]
Event: 2.488 Thread 0x00000008b9148810  686       1       javax.swing.text.GapVector::getGapEnd (5 bytes)
Event: 2.488 Thread 0x00000008b9148810 nmethod 686 0x00000008aaf3d610 code [0x00000008aaf3d7a0, 0x00000008aaf3d878]
Event: 2.489 Thread 0x00000008b9148810  687       1       javax.swing.text.GapVector::getGapStart (5 bytes)
Event: 2.489 Thread 0x00000008b9148810 nmethod 687 0x00000008aaf3d910 code [0x00000008aaf3daa0, 0x00000008aaf3db78]
Event: 2.490 Thread 0x00000008b9148810  688       3       sun.java2d.pipe.RenderBuffer::remaining (11 bytes)
Event: 2.490 Thread 0x00000008b9148810 nmethod 688 0x00000008a3ad5810 code [0x00000008a3ad59a0, 0x00000008a3ad5ab8]
Event: 2.987 Thread 0x00000008b9148810  689       1       java.awt.Component::isVisible_NoClientCode (5 bytes)
Event: 2.988 Thread 0x00000008b9148810 nmethod 689 0x00000008aaf3dc10 code [0x00000008aaf3dda0, 0x00000008aaf3de78]
Event: 2.989 Thread 0x00000008b9148810  690       3       sun.java2d.pipe.RenderQueue::ensureCapacity (16 bytes)
Event: 2.990 Thread 0x00000008b9148810 nmethod 690 0x00000008a3ad5b90 code [0x00000008a3ad5d40, 0x00000008a3ad5fa8]
Event: 3.017 Thread 0x00000008b9148810  692       3       java.util.concurrent.locks.AbstractQueuedSynchronizer::compareAndSetState (13 bytes)
Event: 3.017 Thread 0x00000008b9148810 nmethod 692 0x00000008a3ad6110 code [0x00000008a3ad62a0, 0x00000008a3ad63d8]

GC Heap History (0 events):
No events

Deoptimization events (20 events):
Event: 0.530 Thread 0x000000089bb0b260 DEOPT PACKING pc=0x00000008a3a2b08c sp=0x000000089b2dcfd0
Event: 0.530 Thread 0x000000089bb0b260 DEOPT UNPACKING pc=0x00000008a34a2b24 sp=0x000000089b2dc460 mode 0
Event: 1.494 Thread 0x00000008bdd69bf0 DEOPT PACKING pc=0x00000008a39fbde7 sp=0x00000008beb3d2c0
Event: 1.494 Thread 0x00000008bdd69bf0 DEOPT UNPACKING pc=0x00000008a34a2b24 sp=0x00000008beb3c6e0 mode 0
Event: 1.732 Thread 0x00000008bdd69bf0 Uncommon trap: trap_request=0xffffffde fr.pc=0x00000008aaf2f5b8 relative=0x0000000000000138
Event: 1.732 Thread 0x00000008bdd69bf0 Uncommon trap: reason=class_check action=maybe_recompile pc=0x00000008aaf2f5b8 method=java.lang.String.equals(Ljava/lang/Object;)Z @ 8 c2
Event: 1.732 Thread 0x00000008bdd69bf0 DEOPT PACKING pc=0x00000008aaf2f5b8 sp=0x00000008beb3d1a0
Event: 1.732 Thread 0x00000008bdd69bf0 DEOPT UNPACKING pc=0x00000008a34a239d sp=0x00000008beb3d148 mode 2
Event: 1.746 Thread 0x00000008bdd69bf0 Uncommon trap: trap_request=0xffffffde fr.pc=0x00000008aaf2f5b8 relative=0x0000000000000138
Event: 1.746 Thread 0x00000008bdd69bf0 Uncommon trap: reason=class_check action=maybe_recompile pc=0x00000008aaf2f5b8 method=java.lang.String.equals(Ljava/lang/Object;)Z @ 8 c2
Event: 1.746 Thread 0x00000008bdd69bf0 DEOPT PACKING pc=0x00000008aaf2f5b8 sp=0x00000008beb3d1b0
Event: 1.746 Thread 0x00000008bdd69bf0 DEOPT UNPACKING pc=0x00000008a34a239d sp=0x00000008beb3d158 mode 2
Event: 1.751 Thread 0x00000008bdd69bf0 Uncommon trap: trap_request=0xffffffde fr.pc=0x00000008aaf2f5b8 relative=0x0000000000000138
Event: 1.751 Thread 0x00000008bdd69bf0 Uncommon trap: reason=class_check action=maybe_recompile pc=0x00000008aaf2f5b8 method=java.lang.String.equals(Ljava/lang/Object;)Z @ 8 c2
Event: 1.751 Thread 0x00000008bdd69bf0 DEOPT PACKING pc=0x00000008aaf2f5b8 sp=0x00000008beb3d230
Event: 1.751 Thread 0x00000008bdd69bf0 DEOPT UNPACKING pc=0x00000008a34a239d sp=0x00000008beb3d1d8 mode 2
Event: 1.830 Thread 0x00000008bdd69bf0 Uncommon trap: trap_request=0xffffffde fr.pc=0x00000008aaf2f5b8 relative=0x0000000000000138
Event: 1.830 Thread 0x00000008bdd69bf0 Uncommon trap: reason=class_check action=maybe_recompile pc=0x00000008aaf2f5b8 method=java.lang.String.equals(Ljava/lang/Object;)Z @ 8 c2
Event: 1.830 Thread 0x00000008bdd69bf0 DEOPT PACKING pc=0x00000008aaf2f5b8 sp=0x00000008beb3d2e0
Event: 1.830 Thread 0x00000008bdd69bf0 DEOPT UNPACKING pc=0x00000008a34a239d sp=0x00000008beb3d288 mode 2

Classes loaded (20 events):
Event: 1.975 Loading class java/util/concurrent/DelayQueue
Event: 1.975 Loading class java/util/concurrent/BlockingQueue
Event: 1.975 Loading class java/util/concurrent/BlockingQueue done
Event: 1.976 Loading class java/util/concurrent/DelayQueue done
Event: 1.976 Loading class java/util/PriorityQueue
Event: 1.977 Loading class java/util/PriorityQueue done
Event: 1.980 Loading class javax/swing/TimerQueue$DelayedTimer
Event: 1.981 Loading class java/util/concurrent/Delayed
Event: 1.981 Loading class java/util/concurrent/Delayed done
Event: 1.981 Loading class javax/swing/TimerQueue$DelayedTimer done
Event: 1.981 Loading class java/awt/TextComponent
Event: 1.982 Loading class java/awt/TextComponent done
Event: 1.997 Loading class java/util/concurrent/locks/AbstractQueuedSynchronizer$ConditionNode
Event: 1.997 Loading class java/util/concurrent/ForkJoinPool$ManagedBlocker
Event: 1.997 Loading class java/util/concurrent/ForkJoinPool$ManagedBlocker done
Event: 1.997 Loading class java/util/concurrent/locks/AbstractQueuedSynchronizer$ConditionNode done
Event: 2.034 Loading class java/util/concurrent/TimeUnit$1
Event: 2.034 Loading class java/util/concurrent/TimeUnit$1 done
Event: 2.485 Loading class javax/swing/Timer$1
Event: 2.485 Loading class javax/swing/Timer$1 done

Classes unloaded (0 events):
No events

Classes redefined (0 events):
No events

Internal exceptions (12 events):
Event: 0.278 Thread 0x000000089bb0b260 Exception <a 'java/lang/ClassNotFoundException'{0x000000008ddef6b8}: sun/awt/resources/spi/awtProvider> (0x000000008ddef6b8) 
thrown [s\open\src\hotspot\share\classfile\systemDictionary.cpp, line 255]
Event: 0.403 Thread 0x000000089bb0b260 Exception <a 'java/io/FileNotFoundException'{0x000000008dc4fed8}> (0x000000008dc4fed8) 
thrown [s\open\src\hotspot\share\prims\jni.cpp, line 516]
Event: 0.434 Thread 0x000000089bb0b260 Exception <a 'java/io/FileNotFoundException'{0x000000008dc7d478}> (0x000000008dc7d478) 
thrown [s\open\src\hotspot\share\prims\jni.cpp, line 516]
Event: 0.652 Thread 0x000000089bb0b260 Exception <a 'java/lang/NoSuchMethodError'{0x000000008db46028}: 'java.lang.Object java.lang.invoke.DirectMethodHandle$Holder.invokeStaticInit(java.lang.Object)'> (0x000000008db46028) 
thrown [s\open\src\hotspot\share\interpreter\linkResolver.cpp, line 759]
Event: 0.918 Thread 0x00000008bdd69bf0 Exception <a 'java/lang/NoSuchMethodError'{0x000000008dbf2510}: 'void java.lang.invoke.DirectMethodHandle$Holder.invokeSpecial(java.lang.Object, java.lang.Object, java.lang.Object)'> (0x000000008dbf2510) 
thrown [s\open\src\hotspot\share\interpreter\linkResolver.cpp, line 759]
Event: 0.960 Thread 0x00000008bdd69bf0 Exception <a 'java/lang/NoSuchMethodError'{0x000000008da1d9f8}: 'java.lang.Object java.lang.invoke.DirectMethodHandle$Holder.newInvokeSpecial(java.lang.Object, java.lang.Object, java.lang.Object, java.lang.Object, java.lang.Object)'> (0x000000008da1d9f8) 
thrown [s\open\src\hotspot\share\interpreter\linkResolver.cpp, line 759]
Event: 0.995 Thread 0x00000008bdd69bf0 Exception <a 'java/lang/NoSuchMethodError'{0x000000008da4f9d0}: 'java.lang.Object java.lang.invoke.DirectMethodHandle$Holder.invokeStatic(java.lang.Object, int, java.lang.Object)'> (0x000000008da4f9d0) 
thrown [s\open\src\hotspot\share\interpreter\linkResolver.cpp, line 759]
Event: 1.148 Thread 0x00000008bdd69bf0 Exception <a 'java/lang/ClassNotFoundException'{0x000000008d90d750}: com/sun/swing/internal/plaf/metal/resources/spi/metalProvider> (0x000000008d90d750) 
thrown [s\open\src\hotspot\share\classfile\systemDictionary.cpp, line 255]
Event: 1.153 Thread 0x00000008bdd69bf0 Exception <a 'java/lang/ClassNotFoundException'{0x000000008d9117b8}: com/sun/swing/internal/plaf/basic/resources/spi/basicProvider> (0x000000008d9117b8) 
thrown [s\open\src\hotspot\share\classfile\systemDictionary.cpp, line 255]
Event: 1.190 Thread 0x00000008bdd69bf0 Exception <a 'java/lang/NoSuchMethodError'{0x000000008d9324b8}: 'int java.lang.invoke.Invokers$Holder.invokeExact_MT(java.lang.Object, java.lang.Object)'> (0x000000008d9324b8) 
thrown [s\open\src\hotspot\share\interpreter\linkResolver.cpp, line 759]
Event: 1.399 Thread 0x00000008bdd69bf0 Exception <a 'java/lang/NoSuchMethodError'{0x000000008d989c70}: 'void java.lang.invoke.DirectMethodHandle$Holder.invokeStaticInit(java.lang.Object)'> (0x000000008d989c70) 
thrown [s\open\src\hotspot\share\interpreter\linkResolver.cpp, line 759]
Event: 1.645 Thread 0x00000008bdd66bd0 Exception <a 'java/lang/NoSuchMethodError'{0x000000008db7e538}: 'void java.lang.invoke.DirectMethodHandle$Holder.invokeVirtual(java.lang.Object, java.lang.Object)'> (0x000000008db7e538) 
thrown [s\open\src\hotspot\share\interpreter\linkResolver.cpp, line 759]

VM Operations (12 events):
Event: 1.147 Executing VM operation: HandshakeAllThreads
Event: 1.147 Executing VM operation: HandshakeAllThreads done
Event: 1.147 Executing VM operation: Cleanup
Event: 1.147 Executing VM operation: Cleanup done
Event: 1.262 Executing VM operation: HandshakeAllThreads
Event: 1.262 Executing VM operation: HandshakeAllThreads done
Event: 1.274 Executing VM operation: HandshakeAllThreads
Event: 1.274 Executing VM operation: HandshakeAllThreads done
Event: 1.925 Executing VM operation: HandshakeAllThreads
Event: 1.925 Executing VM operation: HandshakeAllThreads done
Event: 2.925 Executing VM operation: Cleanup
Event: 2.925 Executing VM operation: Cleanup done

Events (20 events):
Event: 0.221 Thread 0x00000008bdd6a590 Thread added: 0x00000008bdd6a590
Event: 0.316 Loaded shared library C:\Program Files\Java\jdk-18.0.2.1\bin\jimage.dll
Event: 0.331 Loaded shared library C:\Program Files\Java\jdk-18.0.2.1\bin\awt.dll
Event: 0.480 Loaded shared library C:\Program Files\Java\jdk-18.0.2.1\bin\net.dll
Event: 0.486 Loaded shared library C:\Program Files\Java\jdk-18.0.2.1\bin\nio.dll
Event: 0.514 Loaded shared library C:\Program Files\Java\jdk-18.0.2.1\bin\zip.dll
Event: 0.656 Thread 0x00000008bdd69720 Thread added: 0x00000008bdd69720
Event: 0.660 Thread 0x00000008bdd6a0c0 Thread added: 0x00000008bdd6a0c0
Event: 0.666 Thread 0x00000008bdd66bd0 Thread added: 0x00000008bdd66bd0
Event: 0.701 Thread 0x00000008bdd69bf0 Thread added: 0x00000008bdd69bf0
Event: 0.702 Thread 0x000000089bb0b260 Thread exited: 0x000000089bb0b260
Event: 0.702 Thread 0x00000008bdd688b0 Thread added: 0x00000008bdd688b0
Event: 1.415 Loaded shared library C:\Program Files\Java\jdk-18.0.2.1\bin\freetype.dll
Event: 1.418 Loaded shared library C:\Program Files\Java\jdk-18.0.2.1\bin\fontmanager.dll
Event: 1.669 Thread 0x00000008bdd67f10 Thread added: 0x00000008bdd67f10
Event: 1.980 Thread 0x00000008bdd670a0 Thread added: 0x00000008bdd670a0
Event: 3.015 Thread 0x00000008bdd67570 Thread added: 0x00000008bdd67570
Event: 3.015 Thread 0x00000008bdd67a40 Thread added: 0x00000008bdd67a40
Event: 3.018 Thread 0x00000008bdd67f10 Thread exited: 0x00000008bdd67f10
Event: 3.018 Thread 0x00000008bdd67a40 Thread exited: 0x00000008bdd67a40


Dynamic libraries:
0x00007ff7e3260000 - 0x00007ff7e326e000 	C:\Program Files\Java\jdk-18.0.2.1\bin\javaw.exe
0x00007ffb5c1c0000 - 0x00007ffb5c382000 	C:\Windows\SYSTEM32\ntdll.dll
0x00007ffb5a7a0000 - 0x00007ffb5a84d000 	C:\Windows\system32\KERNEL32.DLL
0x00007ffb58e50000 - 0x00007ffb5902d000 	C:\Windows\system32\KERNELBASE.dll
0x00007ffb53e00000 - 0x00007ffb53e17000 	C:\Program Files\Java\jdk-18.0.2.1\bin\jli.dll
0x00007ffb59f60000 - 0x00007ffb5a0ae000 	C:\Windows\system32\USER32.dll
0x00007ffb5a0b0000 - 0x00007ffb5a234000 	C:\Windows\system32\GDI32.dll
0x00007ffb53a60000 - 0x00007ffb53a7a000 	C:\Program Files\Java\jdk-18.0.2.1\bin\VCRUNTIME140.dll
0x00007ffb50e50000 - 0x00007ffb50f42000 	C:\Windows\SYSTEM32\ucrtbase.dll
0x00007ffb525b0000 - 0x00007ffb52824000 	C:\Windows\WinSxS\amd64_microsoft.windows.common-controls_6595b64144ccf1df_6.0.10240.17184_none_f41d7a705752bce6\COMCTL32.dll
0x00007ffb59aa0000 - 0x00007ffb59b3d000 	C:\Windows\system32\msvcrt.dll
0x00007ffb59bf0000 - 0x00007ffb59c26000 	C:\Windows\system32\IMM32.DLL
0x00007ffb59c30000 - 0x00007ffb59d8c000 	C:\Windows\system32\MSCTF.dll
0x00007ffb542d0000 - 0x00007ffb542dc000 	C:\Program Files\Java\jdk-18.0.2.1\bin\vcruntime140_1.dll
0x00007ffb45690000 - 0x00007ffb4571d000 	C:\Program Files\Java\jdk-18.0.2.1\bin\msvcp140.dll
0x00007ffb34a60000 - 0x00007ffb35671000 	C:\Program Files\Java\jdk-18.0.2.1\bin\server\jvm.dll
0x00007ffb599f0000 - 0x00007ffb59a96000 	C:\Windows\system32\ADVAPI32.dll
0x00007ffb5a850000 - 0x00007ffb5a8ab000 	C:\Windows\system32\sechost.dll
0x00007ffb5a240000 - 0x00007ffb5a366000 	C:\Windows\system32\RPCRT4.dll
0x00007ffb599e0000 - 0x00007ffb599e8000 	C:\Windows\system32\PSAPI.DLL
0x00007ffb53df0000 - 0x00007ffb53df9000 	C:\Windows\SYSTEM32\WSOCK32.dll
0x00007ffb59970000 - 0x00007ffb599d9000 	C:\Windows\system32\WS2_32.dll
0x00007ffb59890000 - 0x00007ffb59898000 	C:\Windows\system32\NSI.dll
0x00007ffb56e50000 - 0x00007ffb56e73000 	C:\Windows\SYSTEM32\WINMM.dll
0x00007ffb56630000 - 0x00007ffb5663a000 	C:\Windows\SYSTEM32\VERSION.dll
0x00007ffb56df0000 - 0x00007ffb56e1c000 	C:\Windows\SYSTEM32\WINMMBASE.dll
0x00007ffb59830000 - 0x00007ffb59874000 	C:\Windows\system32\cfgmgr32.dll
0x00007ffb574c0000 - 0x00007ffb574e7000 	C:\Windows\SYSTEM32\DEVOBJ.dll
0x00007ffb58c50000 - 0x00007ffb58c5f000 	C:\Windows\system32\kernel.appcore.dll
0x00007ffb53ab0000 - 0x00007ffb53aba000 	C:\Program Files\Java\jdk-18.0.2.1\bin\jimage.dll
0x00007ffb4f710000 - 0x00007ffb4f89a000 	C:\Windows\SYSTEM32\DBGHELP.DLL
0x00007ffb4f3a0000 - 0x00007ffb4f3c5000 	C:\Windows\SYSTEM32\dbgcore.DLL
0x00007ffb53810000 - 0x00007ffb53835000 	C:\Program Files\Java\jdk-18.0.2.1\bin\java.dll
0x00007ffb44dd0000 - 0x00007ffb44ea6000 	C:\Program Files\Java\jdk-18.0.2.1\bin\jsvml.dll
0x00007ffb5ac90000 - 0x00007ffb5c1b3000 	C:\Windows\system32\SHELL32.dll
0x00007ffb59200000 - 0x00007ffb59829000 	C:\Windows\system32\windows.storage.dll
0x00007ffb5a520000 - 0x00007ffb5a79c000 	C:\Windows\system32\combase.dll
0x00007ffb5a940000 - 0x00007ffb5a991000 	C:\Windows\system32\shlwapi.dll
0x00007ffb58d90000 - 0x00007ffb58e43000 	C:\Windows\system32\shcore.dll
0x00007ffb58c00000 - 0x00007ffb58c4a000 	C:\Windows\system32\powrprof.dll
0x00007ffb58c60000 - 0x00007ffb58c73000 	C:\Windows\system32\profapi.dll
0x00007ffb343f0000 - 0x00007ffb3457e000 	C:\Program Files\Java\jdk-18.0.2.1\bin\awt.dll
0x00007ffb598a0000 - 0x00007ffb59962000 	C:\Windows\system32\OLEAUT32.dll
0x00007ffb57420000 - 0x00007ffb57498000 	C:\Windows\system32\apphelp.dll
0x00007ffb53a10000 - 0x00007ffb53a23000 	C:\Program Files\Java\jdk-18.0.2.1\bin\net.dll
0x00007ffb50170000 - 0x00007ffb50246000 	C:\Windows\SYSTEM32\WINHTTP.dll
0x00007ffb583f0000 - 0x00007ffb5844d000 	C:\Windows\system32\mswsock.dll
0x00007ffb50830000 - 0x00007ffb50846000 	C:\Program Files\Java\jdk-18.0.2.1\bin\nio.dll
0x00007ffb4f1d0000 - 0x00007ffb4f1e8000 	C:\Program Files\Java\jdk-18.0.2.1\bin\zip.dll
0x00007ffb574f0000 - 0x00007ffb57586000 	C:\Windows\system32\uxtheme.dll
0x00007ffb56af0000 - 0x00007ffb56b12000 	C:\Windows\system32\dwmapi.dll
0x00007ffb5aa80000 - 0x00007ffb5abc1000 	C:\Windows\system32\ole32.dll
0x00007ffb58a00000 - 0x00007ffb58a6b000 	C:\Windows\SYSTEM32\bcryptPrimitives.dll
0x00007ffb34930000 - 0x00007ffb34a58000 	C:\Windows\system32\opengl32.dll
0x00007ffb53880000 - 0x00007ffb538ae000 	C:\Windows\SYSTEM32\GLU32.dll
0x00007ffb340d0000 - 0x00007ffb341c6000 	C:\Windows\SYSTEM32\DDRAW.dll
0x00007ffb56d90000 - 0x00007ffb56d98000 	C:\Windows\SYSTEM32\DCIMAN32.dll
0x00007ffb393e0000 - 0x00007ffb395f0000 	C:\Windows\system32\d3d9.dll
0x00007ffb56640000 - 0x00007ffb56798000 	C:\Windows\SYSTEM32\aticfx64.dll
0x00007ffb533b0000 - 0x00007ffb533d1000 	C:\Windows\SYSTEM32\atiu9p64.dll
0x00007ffb33600000 - 0x00007ffb33e3f000 	C:\Windows\SYSTEM32\atiumd64.dll
0x0000000074270000 - 0x0000000074ad2000 	C:\Windows\SYSTEM32\atiumd6a.dll
0x00007ffb432d0000 - 0x00007ffb43356000 	C:\Program Files\Java\jdk-18.0.2.1\bin\freetype.dll
0x00007ffb34020000 - 0x00007ffb340c8000 	C:\Program Files\Java\jdk-18.0.2.1\bin\fontmanager.dll
0x00007ffb59b40000 - 0x00007ffb59be5000 	C:\Windows\system32\clbcatq.dll
0x00007ffb563d0000 - 0x00007ffb56582000 	C:\Windows\SYSTEM32\WindowsCodecs.dll
0x00007ffb58b10000 - 0x00007ffb58b38000 	C:\Windows\SYSTEM32\bcrypt.dll
0x00007ffb58450000 - 0x00007ffb58467000 	C:\Windows\SYSTEM32\cryptsp.dll
0x00007ffb58090000 - 0x00007ffb580c3000 	C:\Windows\system32\rsaenh.dll
0x00007ffb585a0000 - 0x00007ffb585ab000 	C:\Windows\SYSTEM32\CRYPTBASE.dll
0x00007ffb49580000 - 0x00007ffb495c6000 	C:\Windows\system32\dataexchange.dll
0x00007ffb52840000 - 0x00007ffb52d85000 	C:\Windows\system32\d2d1.dll
0x00007ffb57050000 - 0x00007ffb57121000 	C:\Windows\system32\dcomp.dll
0x00007ffb56840000 - 0x00007ffb56ae3000 	C:\Windows\system32\d3d11.dll
0x00007ffb567a0000 - 0x00007ffb5683c000 	C:\Windows\system32\dxgi.dll
0x00007ffb57590000 - 0x00007ffb5767e000 	C:\Windows\system32\twinapi.appcore.dll
0x00007ffb58180000 - 0x00007ffb5819f000 	C:\Windows\system32\USERENV.dll

dbghelp: loaded successfully - version: 4.0.5 - missing functions: none
symbol engine: initialized successfully - sym options: 0x614 - pdb path: .;C:\Program Files\Java\jdk-18.0.2.1\bin;C:\Windows\SYSTEM32;C:\Windows\WinSxS\amd64_microsoft.windows.common-controls_6595b64144ccf1df_6.0.10240.17184_none_f41d7a705752bce6;C:\Program Files\Java\jdk-18.0.2.1\bin\server

VM Arguments:
jvm_args: -Dfile.encoding=UTF-8 -XX:+ShowCodeDetailsInExceptionMessages 
java_command: PASSWOR_GENERATOR.PASSWOR_GENERATOR
java_class_path (initial): C:\Users\TPRD\Documents\Programming\Project's\Java _Eclipse\.metadata\PASSWOR_GENERATOR\bin\main;C:\Program Files\gradle-5.0\caches\modules-2\files-2.1\org.apache.commons\commons-math3\3.6.1\e4ba98f1d4b3c80ec46392f25e094a6a2e58fcbf\commons-math3-3.6.1.jar;C:\Program Files\gradle-5.0\caches\modules-2\files-2.1\com.google.guava\guava\26.0-jre\6a806eff209f36f635f943e16d97491f00f6bfab\guava-26.0-jre.jar;C:\Program Files\gradle-5.0\caches\modules-2\files-2.1\com.google.code.findbugs\jsr305\3.0.2\25ea2e8b0c338a877313bd4672d3fe056ea78f0d\jsr305-3.0.2.jar;C:\Program Files\gradle-5.0\caches\modules-2\files-2.1\org.checkerframework\checker-qual\2.5.2\cea74543d5904a30861a61b4643a5f2bb372efc4\checker-qual-2.5.2.jar;C:\Program Files\gradle-5.0\caches\modules-2\files-2.1\com.google.errorprone\error_prone_annotations\2.1.3\39b109f2cd352b2d71b52a3b5a1a9850e1dc304b\error_prone_annotations-2.1.3.jar;C:\Program Files\gradle-5.0\caches\modules-2\files-2.1\com.google.j2objc\j2objc-annotations\1.1\ed28ded51a8b1c6b112568def5f4b455e6809019\j2objc-annotations-1.1.jar;C:\Program Files\gradle-5.0\caches\modules-2\files-2.1\org.codehaus.mojo\animal-sniffer-annotations\1.14\775b7e22fb10026eed3f86e8dc556dfafe35f2d5\animal-sniffer-annotations-1.14.jar
Launcher Type: SUN_STANDARD

[Global flags]
     intx CICompilerCount                          = 2                                         {product} {ergonomic}
     uint ConcGCThreads                            = 1                                         {product} {ergonomic}
     uint G1ConcRefinementThreads                  = 2                                         {product} {ergonomic}
   size_t G1HeapRegionSize                         = 1048576                                   {product} {ergonomic}
    uintx GCDrainStackTargetSize                   = 64                                        {product} {ergonomic}
   size_t InitialHeapSize                          = 127926272                                 {product} {ergonomic}
   size_t MarkStackSize                            = 4194304                                   {product} {ergonomic}
   size_t MaxHeapSize                              = 2042626048                                {product} {ergonomic}
   size_t MaxNewSize                               = 1224736768                                {product} {ergonomic}
   size_t MinHeapDeltaBytes                        = 1048576                                   {product} {ergonomic}
   size_t MinHeapSize                              = 8388608                                   {product} {ergonomic}
    uintx NonNMethodCodeHeapSize                   = 5826188                                {pd product} {ergonomic}
    uintx NonProfiledCodeHeapSize                  = 122916026                              {pd product} {ergonomic}
    uintx ProfiledCodeHeapSize                     = 122916026                              {pd product} {ergonomic}
    uintx ReservedCodeCacheSize                    = 251658240                              {pd product} {ergonomic}
     bool SegmentedCodeCache                       = true                                      {product} {ergonomic}
     bool ShowCodeDetailsInExceptionMessages       = true                                   {manageable} {command line}
   size_t SoftMaxHeapSize                          = 2042626048                             {manageable} {ergonomic}
     bool UseCompressedClassPointers               = true                           {product lp64_product} {ergonomic}
     bool UseCompressedOops                        = true                           {product lp64_product} {ergonomic}
     bool UseG1GC                                  = true                                      {product} {ergonomic}
     bool UseLargePagesIndividualAllocation        = false                                  {pd product} {ergonomic}

Logging:
Log output configuration:
 #0: stdout all=warning uptime,level,tags foldmultilines=false
 #1: stderr all=off uptime,level,tags foldmultilines=false

Environment Variables:
JAVA_HOME=C:\Program Files\Java\jdk-11
PATH=C:/Program Files/Java/jdk-18.0.2.1/bin/server;C:/Program Files/Java/jdk-18.0.2.1/bin;C:\Program Files\Common Files\Oracle\Java\javapath;C:\Program Files (x86)\Common Files\Oracle\Java\javapath;C:\Windows\system32;C:\Windows;C:\Windows\System32\Wbem;C:\Windows\System32\WindowsPowerShell\v1.0\;C:\Program Files (x86)\AMD\ATI.ACE\Core-Static;C:\FPC\3.2.2\bin\i386-Win32C:\Program Files\Java\jdk-11bin;C:\Program Files\Java\jdk-11%;C:\Program Files\apache-maven-3.9.0\bin;C:\Users\TPRD\AppData\Local\Programs\Python\Python310\Scripts\;C:\Users\TPRD\AppData\Local\Programs\Python\Python310\;C:\Users\TPRD\AppData\Local\Programs\Microsoft VS Code\binC:\Program Files\Java\jdk-11bin;C:\Users\TPRD\AppData\Local\Programs\Microsoft VS Code\bin;C:\Program Files\JetBrains\IntelliJ IDEA Community Edition 2022.3.1\bin;;C:\Program Files\JetBrains\DataGrip 2022.3.3\bin;;C:\Windows\system32;
USERNAME=TPRD
OS=Windows_NT
PROCESSOR_IDENTIFIER=AMD64 Family 20 Model 2 Stepping 0, AuthenticAMD



---------------  S Y S T E M  ---------------

OS:
 Windows 10 , 64 bit Build 10240 (10.0.10240.17113)
OS uptime: 0 days 13:00 hours

CPU: total 2 (initial active 2) (2 cores per cpu, 1 threads per core) family 20 model 2 stepping 0 microcode 0x5000119, cx8, cmov, fxsr, mmx, 3dnowpref, sse, sse2, sse3, ssse3, sse4a, popcnt, lzcnt, tsc, tscinvbit, clflush

Memory: 4k page, system-wide physical 7784M (5192M free)
TotalPageFile size 9128M (AvailPageFile size 5666M)
current process WorkingSet (physical memory assigned to process): 61M, peak: 66M
current process commit charge ("private bytes"): 211M, peak: 219M

vm_info: OpenJDK 64-Bit Server VM (18.0.2.1+1-1) for windows-amd64 JRE (18.0.2.1+1-1), built on Aug 16 2022 01:44:29 by "mach5one" with MS VC++ 16.8 / 16.9 (VS2019)

END.
